[2022-10-11 16:03:50,448][root][INFO] - Exporting features to /Users/diego/Desktop/Escritorio_MacBook_Pro_de_Diego/ETH/Third_Semester/Mixed_Reality/OnePose/data/sfm_model/0501-matchafranzzi-box/outputs_superpoint_superglue/feats-superpoint.h5
[2022-10-11 17:34:19,862][root][INFO] - Exporting features to /Users/diego/Desktop/Escritorio_MacBook_Pro_de_Diego/ETH/Third_Semester/Mixed_Reality/OnePose/data/sfm_model/0501-matchafranzzi-box/outputs_superpoint_superglue/feats-superpoint.h5
[2022-10-11 17:49:44,333][root][INFO] - Exporting features to /Users/diego/Desktop/Escritorio_MacBook_Pro_de_Diego/ETH/Third_Semester/Mixed_Reality/OnePose/data/sfm_model/0410-huiyuan-box/outputs_superpoint_superglue/feats-superpoint.h5
[2022-10-11 17:50:25,727][root][INFO] - Exporting features to /Users/diego/Desktop/Escritorio_MacBook_Pro_de_Diego/ETH/Third_Semester/Mixed_Reality/OnePose/data/sfm_model/0408-colorbox-box/outputs_superpoint_superglue/feats-superpoint.h5
[2022-10-11 17:50:40,691][root][INFO] - Exporting features to /Users/diego/Desktop/Escritorio_MacBook_Pro_de_Diego/ETH/Third_Semester/Mixed_Reality/OnePose/data/sfm_model/0501-matchafranzzi-box/outputs_superpoint_superglue/feats-superpoint.h5
[2022-10-11 17:57:58,205][root][INFO] - Exporting features to /Users/diego/Desktop/Escritorio_MacBook_Pro_de_Diego/ETH/Third_Semester/Mixed_Reality/OnePose/data/sfm_model/0501-matchafranzzi-box/outputs_superpoint_superglue/feats-superpoint.h5
[2022-10-11 17:58:26,932][root][INFO] - Exporting features to /Users/diego/Desktop/Escritorio_MacBook_Pro_de_Diego/ETH/Third_Semester/Mixed_Reality/OnePose/data/sfm_model/0501-matchafranzzi-box/outputs_superpoint_superglue/feats-superpoint.h5
[2022-10-11 17:58:44,402][root][INFO] - Exporting features to /Users/diego/Desktop/Escritorio_MacBook_Pro_de_Diego/ETH/Third_Semester/Mixed_Reality/OnePose/data/sfm_model/0501-matchafranzzi-box/outputs_superpoint_superglue/feats-superpoint.h5
[2022-10-11 17:59:26,233][root][INFO] - Exporting features to /Users/diego/Desktop/Escritorio_MacBook_Pro_de_Diego/ETH/Third_Semester/Mixed_Reality/OnePose/data/sfm_model/0501-matchafranzzi-box/outputs_superpoint_superglue/feats-superpoint.h5
[2022-10-11 17:59:46,266][root][INFO] - Exporting features to /Users/diego/Desktop/Escritorio_MacBook_Pro_de_Diego/ETH/Third_Semester/Mixed_Reality/OnePose/data/sfm_model/0501-matchafranzzi-box/outputs_superpoint_superglue/feats-superpoint.h5
[2022-10-11 18:02:07,745][root][INFO] - Exporting features to /Users/diego/Desktop/Escritorio_MacBook_Pro_de_Diego/ETH/Third_Semester/Mixed_Reality/OnePose/data/sfm_model/0501-matchafranzzi-box/outputs_superpoint_superglue/feats-superpoint.h5
[2022-10-11 18:07:29,537][root][INFO] - Exporting features to /Users/diego/Desktop/Escritorio_MacBook_Pro_de_Diego/ETH/Third_Semester/Mixed_Reality/OnePose/data/sfm_model/0501-matchafranzzi-box/outputs_superpoint_superglue/feats-superpoint.h5
[2022-10-11 18:35:16,775][root][INFO] - Exporting features to /Users/diego/Desktop/Escritorio_MacBook_Pro_de_Diego/ETH/Third_Semester/Mixed_Reality/OnePose/data/sfm_model/0501-matchafranzzi-box/outputs_superpoint_superglue/feats-superpoint.h5
[2022-10-12 11:09:01,028][root][INFO] - Exporting features to /Users/diego/Desktop/Escritorio_MacBook_Pro_de_Diego/ETH/Third_Semester/Mixed_Reality/OnePose/data/sfm_model/0501-matchafranzzi-box/outputs_superpoint_superglue/feats-superpoint.h5
[2022-10-13 10:26:33,063][root][INFO] - Exporting features to /Users/diego/Desktop/Escritorio_MacBook_Pro_de_Diego/ETH/Third_Semester/Mixed_Reality/OnePose/data/sfm_model/0501-matchafranzzi-box/outputs_superpoint_superglue/feats-superpoint.h5
[2022-10-13 10:30:26,433][root][INFO] - Exporting features to /Users/diego/Desktop/Escritorio_MacBook_Pro_de_Diego/ETH/Third_Semester/Mixed_Reality/OnePose/data/sfm_model/0501-matchafranzzi-box/outputs_superpoint_superglue/feats-superpoint.h5
[2022-10-13 11:01:56,341][root][INFO] - Exporting features to /Users/diego/Desktop/Escritorio_MacBook_Pro_de_Diego/ETH/Third_Semester/Mixed_Reality/OnePose/data/sfm_model/0501-matchafranzzi-box/outputs_superpoint_superglue/feats-superpoint.h5
[2022-10-13 11:03:20,277][root][INFO] - Exporting features to /Users/diego/Desktop/Escritorio_MacBook_Pro_de_Diego/ETH/Third_Semester/Mixed_Reality/OnePose/data/sfm_model/0501-matchafranzzi-box/outputs_superpoint_superglue/feats-superpoint.h5
[2022-10-13 11:05:06,756][root][INFO] - Finishing exporting features.
[2022-10-13 11:05:07,712][root][INFO] - Exporting matches to /Users/diego/Desktop/Escritorio_MacBook_Pro_de_Diego/ETH/Third_Semester/Mixed_Reality/OnePose/data/sfm_model/0501-matchafranzzi-box/outputs_superpoint_superglue/matches-superglue.h5
[2022-10-13 11:09:08,823][root][INFO] - Exporting features to /Users/diego/Desktop/Escritorio_MacBook_Pro_de_Diego/ETH/Third_Semester/Mixed_Reality/OnePose/data/sfm_model/0501-matchafranzzi-box/outputs_superpoint_superglue/feats-superpoint.h5
[2022-10-13 11:10:54,144][root][INFO] - Finishing exporting features.
[2022-10-13 11:10:55,081][root][INFO] - Exporting matches to /Users/diego/Desktop/Escritorio_MacBook_Pro_de_Diego/ETH/Third_Semester/Mixed_Reality/OnePose/data/sfm_model/0501-matchafranzzi-box/outputs_superpoint_superglue/matches-superglue.h5
[2022-10-13 11:24:24,546][root][INFO] - Finishing exporting matches.
[2022-10-13 11:24:24,553][root][INFO] - Generate empty model...
[2022-10-13 11:24:25,408][root][INFO] - Writing the COLMAP model to /Users/diego/Desktop/Escritorio_MacBook_Pro_de_Diego/ETH/Third_Semester/Mixed_Reality/OnePose/data/sfm_model/0501-matchafranzzi-box/outputs_superpoint_superglue/sfm_empty
[2022-10-13 11:24:25,424][root][INFO] - Finishing writing model.
[2022-10-13 11:24:25,457][root][INFO] - Importing features into the database...
[2022-10-13 11:24:25,515][root][INFO] - Importing matches into the database...
[2022-10-13 11:24:25,890][root][INFO] - Performing geometric verification of the matches...
[2022-10-13 14:27:01,162][root][INFO] - Exporting features to /Users/diego/Desktop/Escritorio_MacBook_Pro_de_Diego/ETH/Third_Semester/Mixed_Reality/OnePose/data/sfm_model/0501-matchafranzzi-box/outputs_superpoint_superglue/feats-superpoint.h5
[2022-10-13 14:28:47,461][root][INFO] - Finishing exporting features.
[2022-10-13 14:28:48,363][root][INFO] - Exporting matches to /Users/diego/Desktop/Escritorio_MacBook_Pro_de_Diego/ETH/Third_Semester/Mixed_Reality/OnePose/data/sfm_model/0501-matchafranzzi-box/outputs_superpoint_superglue/matches-superglue.h5
[2022-10-13 14:41:38,367][root][INFO] - Finishing exporting matches.
[2022-10-13 14:41:38,373][root][INFO] - Generate empty model...
[2022-10-13 14:41:39,246][root][INFO] - Writing the COLMAP model to /Users/diego/Desktop/Escritorio_MacBook_Pro_de_Diego/ETH/Third_Semester/Mixed_Reality/OnePose/data/sfm_model/0501-matchafranzzi-box/outputs_superpoint_superglue/sfm_empty
[2022-10-13 14:41:39,264][root][INFO] - Finishing writing model.
[2022-10-13 14:41:39,299][root][INFO] - Importing features into the database...
[2022-10-13 14:41:39,354][root][INFO] - Importing matches into the database...
[2022-10-13 14:41:39,648][root][INFO] - Performing geometric verification of the matches...
[2022-10-13 14:41:53,137][root][INFO] - Running the triangulation...
[2022-10-13 14:41:53,139][root][INFO] - colmap point_triangulator --database_path /Users/diego/Desktop/Escritorio_MacBook_Pro_de_Diego/ETH/Third_Semester/Mixed_Reality/OnePose/data/sfm_model/0501-matchafranzzi-box/outputs_superpoint_superglue/sfm_ws/database.db --image_path / --input_path /Users/diego/Desktop/Escritorio_MacBook_Pro_de_Diego/ETH/Third_Semester/Mixed_Reality/OnePose/data/sfm_model/0501-matchafranzzi-box/outputs_superpoint_superglue/sfm_empty --output_path /Users/diego/Desktop/Escritorio_MacBook_Pro_de_Diego/ETH/Third_Semester/Mixed_Reality/OnePose/data/sfm_model/0501-matchafranzzi-box/outputs_superpoint_superglue/sfm_ws/model --Mapper.ba_refine_focal_length 0 --Mapper.ba_refine_principal_point 0 --Mapper.ba_refine_extra_params 0
[2022-10-24 14:46:34,740][root][INFO] - Exporting features to /Users/diego/Desktop/Escritorio_MacBook_Pro_de_Diego/ETH/Third_Semester/Mixed_Reality/OnePose/data/sfm_model/0501-matchafranzzi-box/outputs_superpoint_superglue/feats-superpoint.h5
[2022-10-24 14:48:25,553][root][INFO] - Finishing exporting features.
[2022-10-24 14:48:26,626][root][INFO] - Exporting matches to /Users/diego/Desktop/Escritorio_MacBook_Pro_de_Diego/ETH/Third_Semester/Mixed_Reality/OnePose/data/sfm_model/0501-matchafranzzi-box/outputs_superpoint_superglue/matches-superglue.h5
[2022-10-24 15:02:28,099][root][INFO] - Finishing exporting matches.
[2022-10-24 15:02:28,113][root][INFO] - Generate empty model...
[2022-10-24 15:02:29,020][root][INFO] - Writing the COLMAP model to /Users/diego/Desktop/Escritorio_MacBook_Pro_de_Diego/ETH/Third_Semester/Mixed_Reality/OnePose/data/sfm_model/0501-matchafranzzi-box/outputs_superpoint_superglue/sfm_empty
[2022-10-24 15:02:29,039][root][INFO] - Finishing writing model.
[2022-10-24 15:02:29,076][root][INFO] - Importing features into the database...
[2022-10-24 15:02:29,153][root][INFO] - Importing matches into the database...
[2022-10-24 15:02:29,533][root][INFO] - Performing geometric verification of the matches...
[2022-10-24 15:02:35,353][root][INFO] - Running the triangulation...
[2022-10-24 15:02:35,355][root][INFO] - colmap point_triangulator --database_path /Users/diego/Desktop/Escritorio_MacBook_Pro_de_Diego/ETH/Third_Semester/Mixed_Reality/OnePose/data/sfm_model/0501-matchafranzzi-box/outputs_superpoint_superglue/sfm_ws/database.db --image_path / --input_path /Users/diego/Desktop/Escritorio_MacBook_Pro_de_Diego/ETH/Third_Semester/Mixed_Reality/OnePose/data/sfm_model/0501-matchafranzzi-box/outputs_superpoint_superglue/sfm_empty --output_path /Users/diego/Desktop/Escritorio_MacBook_Pro_de_Diego/ETH/Third_Semester/Mixed_Reality/OnePose/data/sfm_model/0501-matchafranzzi-box/outputs_superpoint_superglue/sfm_ws/model --Mapper.ba_refine_focal_length 0 --Mapper.ba_refine_principal_point 0 --Mapper.ba_refine_extra_params 0
[2022-10-25 12:25:30,746][root][INFO] - Exporting features to /Users/diego/Desktop/Escritorio_MacBook_Pro_de_Diego/ETH/Third_Semester/Mixed_Reality/OnePose/data/sfm_model/test_experiment/outputs_superpoint_superglue/feats-superpoint.h5
[2022-10-25 12:26:19,815][root][INFO] - Exporting features to /Users/diego/Desktop/Escritorio_MacBook_Pro_de_Diego/ETH/Third_Semester/Mixed_Reality/OnePose/data/sfm_model/test_experiment/outputs_superpoint_superglue/feats-superpoint.h5
[2022-10-25 12:35:46,109][root][INFO] - Exporting features to /Users/diego/Desktop/Escritorio_MacBook_Pro_de_Diego/ETH/Third_Semester/Mixed_Reality/OnePose/data/sfm_model/0501-matchafranzzi-box/outputs_superpoint_superglue/feats-superpoint.h5
[2022-10-25 12:37:31,766][root][INFO] - Finishing exporting features.
[2022-10-25 12:37:32,575][root][INFO] - Exporting matches to /Users/diego/Desktop/Escritorio_MacBook_Pro_de_Diego/ETH/Third_Semester/Mixed_Reality/OnePose/data/sfm_model/0501-matchafranzzi-box/outputs_superpoint_superglue/matches-superglue.h5
[2022-10-25 14:16:56,866][root][INFO] - Exporting features to /Users/diego/Desktop/Escritorio_MacBook_Pro_de_Diego/ETH/Third_Semester/Mixed_Reality/OnePose/data/sfm_model/test_experiment/outputs_superpoint_superglue/feats-superpoint.h5
[2022-10-25 14:19:01,894][root][INFO] - Finishing exporting matches.
[2022-10-25 14:19:01,902][root][INFO] - Generate empty model...
[2022-10-25 14:19:02,718][root][INFO] - Writing the COLMAP model to /Users/diego/Desktop/Escritorio_MacBook_Pro_de_Diego/ETH/Third_Semester/Mixed_Reality/OnePose/data/sfm_model/0501-matchafranzzi-box/outputs_superpoint_superglue/sfm_empty
[2022-10-25 14:19:02,735][root][INFO] - Finishing writing model.
[2022-10-25 14:19:02,773][root][INFO] - Importing features into the database...
[2022-10-25 14:19:02,841][root][INFO] - Importing matches into the database...
[2022-10-25 14:19:03,145][root][INFO] - Performing geometric verification of the matches...
[2022-10-25 14:19:06,567][root][INFO] - Running the triangulation...
[2022-10-25 14:19:06,568][root][INFO] - colmap point_triangulator --database_path /Users/diego/Desktop/Escritorio_MacBook_Pro_de_Diego/ETH/Third_Semester/Mixed_Reality/OnePose/data/sfm_model/0501-matchafranzzi-box/outputs_superpoint_superglue/sfm_ws/database.db --image_path / --input_path /Users/diego/Desktop/Escritorio_MacBook_Pro_de_Diego/ETH/Third_Semester/Mixed_Reality/OnePose/data/sfm_model/0501-matchafranzzi-box/outputs_superpoint_superglue/sfm_empty --output_path /Users/diego/Desktop/Escritorio_MacBook_Pro_de_Diego/ETH/Third_Semester/Mixed_Reality/OnePose/data/sfm_model/0501-matchafranzzi-box/outputs_superpoint_superglue/sfm_ws/model --Mapper.ba_refine_focal_length 0 --Mapper.ba_refine_principal_point 0 --Mapper.ba_refine_extra_params 0
